

*******************************************************************************
Wed Sep 10 14:36:28 2014


FIT:    data read from 'MesswerteI.txt' u (sqrt($1)/0.5):(($3-38)/1000)
        format = x:z
        #datapoints = 6
        residuals are weighted equally (unit weight)

function used for fitting: h(x)
fitted parameters initialized with current variable values



 Iteration 0
 WSSR        : 3739.84           delta(WSSR)/WSSR   : 0
 delta(WSSR) : 0                 limit for stopping : 1e-05
 lambda	  : 17.0441

initial set of free parameter values

d               = 1
e               = 1

After 6 iterations the fit converged.
final sum of squares of residuals : 5.43072e-07
rel. change during last iteration : -4.39163e-08

degrees of freedom    (FIT_NDF)                        : 4
rms of residuals      (FIT_STDFIT) = sqrt(WSSR/ndf)    : 0.000368467
variance of residuals (reduced chisquare) = WSSR/ndf   : 1.35768e-07

Final set of parameters            Asymptotic Standard Error
=======================            ==========================

d               = 0.00538465       +/- 0.0001057    (1.963%)
e               = -0.0142863       +/- 0.002546     (17.82%)


correlation matrix of the fit parameters:

               d      e      
d               1.000 
e              -0.998  1.000 


*******************************************************************************
Wed Sep 10 14:37:12 2014


FIT:    data read from 'MesswerteI.txt' u (sqrt($1)/0.5):(($3-38)/1000)
        format = x:z
        #datapoints = 6
        residuals are weighted equally (unit weight)

function used for fitting: h(x)
fitted parameters initialized with current variable values



 Iteration 0
 WSSR        : 3739.84           delta(WSSR)/WSSR   : 0
 delta(WSSR) : 0                 limit for stopping : 1e-05
 lambda	  : 17.0441

initial set of free parameter values

d               = 1
e               = 1

After 6 iterations the fit converged.
final sum of squares of residuals : 5.43072e-07
rel. change during last iteration : -4.39163e-08

degrees of freedom    (FIT_NDF)                        : 4
rms of residuals      (FIT_STDFIT) = sqrt(WSSR/ndf)    : 0.000368467
variance of residuals (reduced chisquare) = WSSR/ndf   : 1.35768e-07

Final set of parameters            Asymptotic Standard Error
=======================            ==========================

d               = 0.00538465       +/- 0.0001057    (1.963%)
e               = -0.0142863       +/- 0.002546     (17.82%)


correlation matrix of the fit parameters:

               d      e      
d               1.000 
e              -0.998  1.000 


*******************************************************************************
Wed Sep 10 14:38:39 2014


FIT:    data read from 'MesswerteI.txt' u (sqrt($1)/0.5):(($3-38)/1000)
        format = x:z
        #datapoints = 6
        residuals are weighted equally (unit weight)

function used for fitting: h(x)
fitted parameters initialized with current variable values



 Iteration 0
 WSSR        : 3739.84           delta(WSSR)/WSSR   : 0
 delta(WSSR) : 0                 limit for stopping : 1e-05
 lambda	  : 17.0441

initial set of free parameter values

d               = 1
e               = 1

After 6 iterations the fit converged.
final sum of squares of residuals : 5.43072e-07
rel. change during last iteration : -4.39163e-08

degrees of freedom    (FIT_NDF)                        : 4
rms of residuals      (FIT_STDFIT) = sqrt(WSSR/ndf)    : 0.000368467
variance of residuals (reduced chisquare) = WSSR/ndf   : 1.35768e-07

Final set of parameters            Asymptotic Standard Error
=======================            ==========================

d               = 0.00538465       +/- 0.0001057    (1.963%)
e               = -0.0142863       +/- 0.002546     (17.82%)


correlation matrix of the fit parameters:

               d      e      
d               1.000 
e              -0.998  1.000 


*******************************************************************************
Wed Sep 10 14:40:05 2014


FIT:    data read from 'MesswerteI.txt' u (sqrt($1)/0.5):(($3-38)/1000)
        format = x:z
        #datapoints = 6
        residuals are weighted equally (unit weight)

function used for fitting: h(x)
fitted parameters initialized with current variable values



 Iteration 0
 WSSR        : 3739.84           delta(WSSR)/WSSR   : 0
 delta(WSSR) : 0                 limit for stopping : 1e-05
 lambda	  : 17.0441

initial set of free parameter values

d               = 1
e               = 1

After 6 iterations the fit converged.
final sum of squares of residuals : 5.43072e-07
rel. change during last iteration : -4.39163e-08

degrees of freedom    (FIT_NDF)                        : 4
rms of residuals      (FIT_STDFIT) = sqrt(WSSR/ndf)    : 0.000368467
variance of residuals (reduced chisquare) = WSSR/ndf   : 1.35768e-07

Final set of parameters            Asymptotic Standard Error
=======================            ==========================

d               = 0.00538465       +/- 0.0001057    (1.963%)
e               = -0.0142863       +/- 0.002546     (17.82%)


correlation matrix of the fit parameters:

               d      e      
d               1.000 
e              -0.998  1.000 


*******************************************************************************
Wed Sep 10 14:40:29 2014


FIT:    data read from 'MesswerteI.txt' u (sqrt($1)/0.5):(($3-38)/1000)
        format = x:z
        #datapoints = 6
        residuals are weighted equally (unit weight)

function used for fitting: h(x)
fitted parameters initialized with current variable values



 Iteration 0
 WSSR        : 3739.84           delta(WSSR)/WSSR   : 0
 delta(WSSR) : 0                 limit for stopping : 1e-05
 lambda	  : 17.0441

initial set of free parameter values

d               = 1
e               = 1

After 6 iterations the fit converged.
final sum of squares of residuals : 5.43072e-07
rel. change during last iteration : -4.39163e-08

degrees of freedom    (FIT_NDF)                        : 4
rms of residuals      (FIT_STDFIT) = sqrt(WSSR/ndf)    : 0.000368467
variance of residuals (reduced chisquare) = WSSR/ndf   : 1.35768e-07

Final set of parameters            Asymptotic Standard Error
=======================            ==========================

d               = 0.00538465       +/- 0.0001057    (1.963%)
e               = -0.0142863       +/- 0.002546     (17.82%)


correlation matrix of the fit parameters:

               d      e      
d               1.000 
e              -0.998  1.000 


*******************************************************************************
Wed Sep 10 14:44:08 2014


FIT:    data read from 'MesswerteI.txt' u (sqrt($1)/0.5):(($3-38)/1000)
        format = x:z
        #datapoints = 6
        residuals are weighted equally (unit weight)

function used for fitting: h(x)
fitted parameters initialized with current variable values



 Iteration 0
 WSSR        : 3739.84           delta(WSSR)/WSSR   : 0
 delta(WSSR) : 0                 limit for stopping : 1e-05
 lambda	  : 17.0441

initial set of free parameter values

d               = 1
e               = 1

After 6 iterations the fit converged.
final sum of squares of residuals : 5.43072e-07
rel. change during last iteration : -4.39163e-08

degrees of freedom    (FIT_NDF)                        : 4
rms of residuals      (FIT_STDFIT) = sqrt(WSSR/ndf)    : 0.000368467
variance of residuals (reduced chisquare) = WSSR/ndf   : 1.35768e-07

Final set of parameters            Asymptotic Standard Error
=======================            ==========================

d               = 0.00538465       +/- 0.0001057    (1.963%)
e               = -0.0142863       +/- 0.002546     (17.82%)


correlation matrix of the fit parameters:

               d      e      
d               1.000 
e              -0.998  1.000 


*******************************************************************************
Wed Sep 10 14:45:12 2014


FIT:    data read from 'MesswerteI.txt' u (sqrt($1)/0.5):(($3-38)/1000)
        format = x:z
        #datapoints = 6
        residuals are weighted equally (unit weight)

function used for fitting: h(x)
fitted parameters initialized with current variable values



 Iteration 0
 WSSR        : 3739.84           delta(WSSR)/WSSR   : 0
 delta(WSSR) : 0                 limit for stopping : 1e-05
 lambda	  : 17.0441

initial set of free parameter values

d               = 1
e               = 1

After 6 iterations the fit converged.
final sum of squares of residuals : 5.43072e-07
rel. change during last iteration : -4.39163e-08

degrees of freedom    (FIT_NDF)                        : 4
rms of residuals      (FIT_STDFIT) = sqrt(WSSR/ndf)    : 0.000368467
variance of residuals (reduced chisquare) = WSSR/ndf   : 1.35768e-07

Final set of parameters            Asymptotic Standard Error
=======================            ==========================

d               = 0.00538465       +/- 0.0001057    (1.963%)
e               = -0.0142863       +/- 0.002546     (17.82%)


correlation matrix of the fit parameters:

               d      e      
d               1.000 
e              -0.998  1.000 


*******************************************************************************
Sat Sep 27 14:48:27 2014


FIT:    data read from 'MesswerteI.txt' u (sqrt($1)/0.5):(($3-38)/1000)
        format = x:z
        #datapoints = 6
        residuals are weighted equally (unit weight)

function used for fitting: f(x)
fitted parameters initialized with current variable values



 Iteration 0
 WSSR        : 3739.84           delta(WSSR)/WSSR   : 0
 delta(WSSR) : 0                 limit for stopping : 1e-05
 lambda	  : 17.0441

initial set of free parameter values

m               = 1
b               = 1

After 6 iterations the fit converged.
final sum of squares of residuals : 5.43072e-07
rel. change during last iteration : -4.39163e-08

degrees of freedom    (FIT_NDF)                        : 4
rms of residuals      (FIT_STDFIT) = sqrt(WSSR/ndf)    : 0.000368467
variance of residuals (reduced chisquare) = WSSR/ndf   : 1.35768e-07

Final set of parameters            Asymptotic Standard Error
=======================            ==========================

m               = 0.00538465       +/- 0.0001057    (1.963%)
b               = -0.0142863       +/- 0.002546     (17.82%)


correlation matrix of the fit parameters:

               m      b      
m               1.000 
b              -0.998  1.000 
