

*******************************************************************************
Wed Sep 10 14:36:28 2014


FIT:    data read from 'MesswerteI.txt' u (sqrt($1)/0.7):(($2-38)/1000)
        format = x:z
        #datapoints = 14
        residuals are weighted equally (unit weight)

function used for fitting: i(x)
fitted parameters initialized with current variable values



 Iteration 0
 WSSR        : 5788.06           delta(WSSR)/WSSR   : 0
 delta(WSSR) : 0                 limit for stopping : 1e-05
 lambda	  : 13.7577

initial set of free parameter values

f               = 1
g               = 1

After 6 iterations the fit converged.
final sum of squares of residuals : 4.77691e-06
rel. change during last iteration : -3.01441e-14

degrees of freedom    (FIT_NDF)                        : 12
rms of residuals      (FIT_STDFIT) = sqrt(WSSR/ndf)    : 0.000630933
variance of residuals (reduced chisquare) = WSSR/ndf   : 3.98076e-07

Final set of parameters            Asymptotic Standard Error
=======================            ==========================

f               = 0.00495941       +/- 7.868e-05    (1.586%)
g               = -0.0045624       +/- 0.001529     (33.51%)


correlation matrix of the fit parameters:

               f      g      
f               1.000 
g              -0.994  1.000 


*******************************************************************************
Wed Sep 10 14:37:12 2014


FIT:    data read from 'MesswerteI.txt' u (sqrt($1)/0.7):(($2-38)/1000)
        format = x:z
        #datapoints = 14
        residuals are weighted equally (unit weight)

function used for fitting: i(x)
fitted parameters initialized with current variable values



 Iteration 0
 WSSR        : 5788.06           delta(WSSR)/WSSR   : 0
 delta(WSSR) : 0                 limit for stopping : 1e-05
 lambda	  : 13.7577

initial set of free parameter values

f               = 1
g               = 1

After 6 iterations the fit converged.
final sum of squares of residuals : 4.77691e-06
rel. change during last iteration : -3.01441e-14

degrees of freedom    (FIT_NDF)                        : 12
rms of residuals      (FIT_STDFIT) = sqrt(WSSR/ndf)    : 0.000630933
variance of residuals (reduced chisquare) = WSSR/ndf   : 3.98076e-07

Final set of parameters            Asymptotic Standard Error
=======================            ==========================

f               = 0.00495941       +/- 7.868e-05    (1.586%)
g               = -0.0045624       +/- 0.001529     (33.51%)


correlation matrix of the fit parameters:

               f      g      
f               1.000 
g              -0.994  1.000 


*******************************************************************************
Wed Sep 10 14:38:39 2014


FIT:    data read from 'MesswerteI.txt' u (sqrt($1)/0.7):(($2-38)/1000)
        format = x:z
        #datapoints = 14
        residuals are weighted equally (unit weight)

function used for fitting: i(x)
fitted parameters initialized with current variable values



 Iteration 0
 WSSR        : 5788.06           delta(WSSR)/WSSR   : 0
 delta(WSSR) : 0                 limit for stopping : 1e-05
 lambda	  : 13.7577

initial set of free parameter values

f               = 1
g               = 1

After 6 iterations the fit converged.
final sum of squares of residuals : 4.77691e-06
rel. change during last iteration : -3.01441e-14

degrees of freedom    (FIT_NDF)                        : 12
rms of residuals      (FIT_STDFIT) = sqrt(WSSR/ndf)    : 0.000630933
variance of residuals (reduced chisquare) = WSSR/ndf   : 3.98076e-07

Final set of parameters            Asymptotic Standard Error
=======================            ==========================

f               = 0.00495941       +/- 7.868e-05    (1.586%)
g               = -0.0045624       +/- 0.001529     (33.51%)


correlation matrix of the fit parameters:

               f      g      
f               1.000 
g              -0.994  1.000 


*******************************************************************************
Wed Sep 10 14:40:05 2014


FIT:    data read from 'MesswerteI.txt' u (sqrt($1)/0.7):(($2-38)/1000)
        format = x:z
        #datapoints = 14
        residuals are weighted equally (unit weight)

function used for fitting: i(x)
fitted parameters initialized with current variable values



 Iteration 0
 WSSR        : 5788.06           delta(WSSR)/WSSR   : 0
 delta(WSSR) : 0                 limit for stopping : 1e-05
 lambda	  : 13.7577

initial set of free parameter values

f               = 1
g               = 1

After 6 iterations the fit converged.
final sum of squares of residuals : 4.77691e-06
rel. change during last iteration : -3.01441e-14

degrees of freedom    (FIT_NDF)                        : 12
rms of residuals      (FIT_STDFIT) = sqrt(WSSR/ndf)    : 0.000630933
variance of residuals (reduced chisquare) = WSSR/ndf   : 3.98076e-07

Final set of parameters            Asymptotic Standard Error
=======================            ==========================

f               = 0.00495941       +/- 7.868e-05    (1.586%)
g               = -0.0045624       +/- 0.001529     (33.51%)


correlation matrix of the fit parameters:

               f      g      
f               1.000 
g              -0.994  1.000 


*******************************************************************************
Wed Sep 10 14:40:29 2014


FIT:    data read from 'MesswerteI.txt' u (sqrt($1)/0.7):(($2-38)/1000)
        format = x:z
        #datapoints = 14
        residuals are weighted equally (unit weight)

function used for fitting: i(x)
fitted parameters initialized with current variable values



 Iteration 0
 WSSR        : 5788.06           delta(WSSR)/WSSR   : 0
 delta(WSSR) : 0                 limit for stopping : 1e-05
 lambda	  : 13.7577

initial set of free parameter values

f               = 1
g               = 1

After 6 iterations the fit converged.
final sum of squares of residuals : 4.77691e-06
rel. change during last iteration : -3.01441e-14

degrees of freedom    (FIT_NDF)                        : 12
rms of residuals      (FIT_STDFIT) = sqrt(WSSR/ndf)    : 0.000630933
variance of residuals (reduced chisquare) = WSSR/ndf   : 3.98076e-07

Final set of parameters            Asymptotic Standard Error
=======================            ==========================

f               = 0.00495941       +/- 7.868e-05    (1.586%)
g               = -0.0045624       +/- 0.001529     (33.51%)


correlation matrix of the fit parameters:

               f      g      
f               1.000 
g              -0.994  1.000 


*******************************************************************************
Wed Sep 10 14:44:08 2014


FIT:    data read from 'MesswerteI.txt' u (sqrt($1)/0.7):(($2-38)/1000)
        format = x:z
        #datapoints = 14
        residuals are weighted equally (unit weight)

function used for fitting: i(x)
fitted parameters initialized with current variable values



 Iteration 0
 WSSR        : 5788.06           delta(WSSR)/WSSR   : 0
 delta(WSSR) : 0                 limit for stopping : 1e-05
 lambda	  : 13.7577

initial set of free parameter values

f               = 1
g               = 1

After 6 iterations the fit converged.
final sum of squares of residuals : 4.77691e-06
rel. change during last iteration : -3.01441e-14

degrees of freedom    (FIT_NDF)                        : 12
rms of residuals      (FIT_STDFIT) = sqrt(WSSR/ndf)    : 0.000630933
variance of residuals (reduced chisquare) = WSSR/ndf   : 3.98076e-07

Final set of parameters            Asymptotic Standard Error
=======================            ==========================

f               = 0.00495941       +/- 7.868e-05    (1.586%)
g               = -0.0045624       +/- 0.001529     (33.51%)


correlation matrix of the fit parameters:

               f      g      
f               1.000 
g              -0.994  1.000 


*******************************************************************************
Wed Sep 10 14:45:12 2014


FIT:    data read from 'MesswerteI.txt' u (sqrt($1)/0.7):(($2-38)/1000)
        format = x:z
        #datapoints = 14
        residuals are weighted equally (unit weight)

function used for fitting: i(x)
fitted parameters initialized with current variable values



 Iteration 0
 WSSR        : 5788.06           delta(WSSR)/WSSR   : 0
 delta(WSSR) : 0                 limit for stopping : 1e-05
 lambda	  : 13.7577

initial set of free parameter values

f               = 1
g               = 1

After 6 iterations the fit converged.
final sum of squares of residuals : 4.77691e-06
rel. change during last iteration : -3.01441e-14

degrees of freedom    (FIT_NDF)                        : 12
rms of residuals      (FIT_STDFIT) = sqrt(WSSR/ndf)    : 0.000630933
variance of residuals (reduced chisquare) = WSSR/ndf   : 3.98076e-07

Final set of parameters            Asymptotic Standard Error
=======================            ==========================

f               = 0.00495941       +/- 7.868e-05    (1.586%)
g               = -0.0045624       +/- 0.001529     (33.51%)


correlation matrix of the fit parameters:

               f      g      
f               1.000 
g              -0.994  1.000 


*******************************************************************************
Sat Sep 27 14:48:28 2014


FIT:    data read from 'MesswerteI.txt' u (sqrt($1)/0.7):(($2-38)/1000)
        format = x:z
        #datapoints = 14
        residuals are weighted equally (unit weight)

function used for fitting: g(x)
fitted parameters initialized with current variable values



 Iteration 0
 WSSR        : 5788.06           delta(WSSR)/WSSR   : 0
 delta(WSSR) : 0                 limit for stopping : 1e-05
 lambda	  : 13.7577

initial set of free parameter values

a               = 1
c               = 1

After 6 iterations the fit converged.
final sum of squares of residuals : 4.77691e-06
rel. change during last iteration : -3.01441e-14

degrees of freedom    (FIT_NDF)                        : 12
rms of residuals      (FIT_STDFIT) = sqrt(WSSR/ndf)    : 0.000630933
variance of residuals (reduced chisquare) = WSSR/ndf   : 3.98076e-07

Final set of parameters            Asymptotic Standard Error
=======================            ==========================

a               = 0.00495941       +/- 7.868e-05    (1.586%)
c               = -0.0045624       +/- 0.001529     (33.51%)


correlation matrix of the fit parameters:

               a      c      
a               1.000 
c              -0.994  1.000 
