

*******************************************************************************
Thu Sep  4 15:53:32 2014


FIT:    data read from 'Messwerte.txt' u (sqrt(140)/$1):2
        format = x:z
        #datapoints = 11
        residuals are weighted equally (unit weight)

function used for fitting: f(x)
fitted parameters initialized with current variable values



 Iteration 0
 WSSR        : 123115            delta(WSSR)/WSSR   : 0
 delta(WSSR) : 0                 limit for stopping : 1e-05
 lambda	  : 13.0044

initial set of free parameter values

m               = 1
b               = 1

After 5 iterations the fit converged.
final sum of squares of residuals : 6.79883
rel. change during last iteration : -3.68723e-09

degrees of freedom    (FIT_NDF)                        : 9
rms of residuals      (FIT_STDFIT) = sqrt(WSSR/ndf)    : 0.869152
variance of residuals (reduced chisquare) = WSSR/ndf   : 0.755425

Final set of parameters            Asymptotic Standard Error
=======================            ==========================

m               = 4.81639          +/- 0.06095      (1.265%)
b               = 37.3753          +/- 1.119        (2.995%)


correlation matrix of the fit parameters:

               m      b      
m               1.000 
b              -0.972  1.000 


*******************************************************************************
Thu Sep  4 15:53:55 2014


FIT:    data read from 'Messwerte.txt' u (sqrt(140)/$1):2
        format = x:z
        #datapoints = 11
        residuals are weighted equally (unit weight)

function used for fitting: f(x)
fitted parameters initialized with current variable values



 Iteration 0
 WSSR        : 123115            delta(WSSR)/WSSR   : 0
 delta(WSSR) : 0                 limit for stopping : 1e-05
 lambda	  : 13.0044

initial set of free parameter values

m               = 1
b               = 1

After 5 iterations the fit converged.
final sum of squares of residuals : 6.79883
rel. change during last iteration : -3.68723e-09

degrees of freedom    (FIT_NDF)                        : 9
rms of residuals      (FIT_STDFIT) = sqrt(WSSR/ndf)    : 0.869152
variance of residuals (reduced chisquare) = WSSR/ndf   : 0.755425

Final set of parameters            Asymptotic Standard Error
=======================            ==========================

m               = 4.81639          +/- 0.06095      (1.265%)
b               = 37.3753          +/- 1.119        (2.995%)


correlation matrix of the fit parameters:

               m      b      
m               1.000 
b              -0.972  1.000 


*******************************************************************************
Thu Sep  4 15:54:24 2014


FIT:    data read from 'Messwerte.txt' u (sqrt(140)/$1):2
        format = x:z
        #datapoints = 11
        residuals are weighted equally (unit weight)

function used for fitting: f(x)
fitted parameters initialized with current variable values



 Iteration 0
 WSSR        : 123115            delta(WSSR)/WSSR   : 0
 delta(WSSR) : 0                 limit for stopping : 1e-05
 lambda	  : 13.0044

initial set of free parameter values

m               = 1
b               = 1

After 5 iterations the fit converged.
final sum of squares of residuals : 6.79883
rel. change during last iteration : -3.68723e-09

degrees of freedom    (FIT_NDF)                        : 9
rms of residuals      (FIT_STDFIT) = sqrt(WSSR/ndf)    : 0.869152
variance of residuals (reduced chisquare) = WSSR/ndf   : 0.755425

Final set of parameters            Asymptotic Standard Error
=======================            ==========================

m               = 4.81639          +/- 0.06095      (1.265%)
b               = 37.3753          +/- 1.119        (2.995%)


correlation matrix of the fit parameters:

               m      b      
m               1.000 
b              -0.972  1.000 


*******************************************************************************
Thu Sep  4 15:56:43 2014


FIT:    data read from 'Messwerte.txt' u (sqrt(140)/$1):2
        format = x:z
        #datapoints = 11
        residuals are weighted equally (unit weight)

function used for fitting: f(x)
fitted parameters initialized with current variable values



 Iteration 0
 WSSR        : 123115            delta(WSSR)/WSSR   : 0
 delta(WSSR) : 0                 limit for stopping : 1e-05
 lambda	  : 13.0044

initial set of free parameter values

m               = 1
b               = 1

After 5 iterations the fit converged.
final sum of squares of residuals : 6.79883
rel. change during last iteration : -3.68723e-09

degrees of freedom    (FIT_NDF)                        : 9
rms of residuals      (FIT_STDFIT) = sqrt(WSSR/ndf)    : 0.869152
variance of residuals (reduced chisquare) = WSSR/ndf   : 0.755425

Final set of parameters            Asymptotic Standard Error
=======================            ==========================

m               = 4.81639          +/- 0.06095      (1.265%)
b               = 37.3753          +/- 1.119        (2.995%)


correlation matrix of the fit parameters:

               m      b      
m               1.000 
b              -0.972  1.000 
