

*******************************************************************************
Thu Sep  4 15:53:32 2014


FIT:    data read from 'Messwerte.txt' u (sqrt(160)/$1):3
        format = x:z
        #datapoints = 10
        residuals are weighted equally (unit weight)

function used for fitting: g(x)
fitted parameters initialized with current variable values



 Iteration 0
 WSSR        : 113565            delta(WSSR)/WSSR   : 0
 delta(WSSR) : 0                 limit for stopping : 1e-05
 lambda	  : 13.1516

initial set of free parameter values

a               = 1
c               = 1

After 5 iterations the fit converged.
final sum of squares of residuals : 4.69911
rel. change during last iteration : -1.81391e-08

degrees of freedom    (FIT_NDF)                        : 8
rms of residuals      (FIT_STDFIT) = sqrt(WSSR/ndf)    : 0.766413
variance of residuals (reduced chisquare) = WSSR/ndf   : 0.587388

Final set of parameters            Asymptotic Standard Error
=======================            ==========================

a               = 4.94493          +/- 0.06412      (1.297%)
c               = 34.7832          +/- 1.191        (3.424%)


correlation matrix of the fit parameters:

               a      c      
a               1.000 
c              -0.979  1.000 


*******************************************************************************
Thu Sep  4 15:53:55 2014


FIT:    data read from 'Messwerte.txt' u (sqrt(160)/$1):3
        format = x:z
        #datapoints = 10
        residuals are weighted equally (unit weight)

function used for fitting: g(x)
fitted parameters initialized with current variable values



 Iteration 0
 WSSR        : 113565            delta(WSSR)/WSSR   : 0
 delta(WSSR) : 0                 limit for stopping : 1e-05
 lambda	  : 13.1516

initial set of free parameter values

a               = 1
c               = 1

After 5 iterations the fit converged.
final sum of squares of residuals : 4.69911
rel. change during last iteration : -1.81391e-08

degrees of freedom    (FIT_NDF)                        : 8
rms of residuals      (FIT_STDFIT) = sqrt(WSSR/ndf)    : 0.766413
variance of residuals (reduced chisquare) = WSSR/ndf   : 0.587388

Final set of parameters            Asymptotic Standard Error
=======================            ==========================

a               = 4.94493          +/- 0.06412      (1.297%)
c               = 34.7832          +/- 1.191        (3.424%)


correlation matrix of the fit parameters:

               a      c      
a               1.000 
c              -0.979  1.000 


*******************************************************************************
Thu Sep  4 15:54:24 2014


FIT:    data read from 'Messwerte.txt' u (sqrt(160)/$1):3
        format = x:z
        #datapoints = 10
        residuals are weighted equally (unit weight)

function used for fitting: g(x)
fitted parameters initialized with current variable values



 Iteration 0
 WSSR        : 113565            delta(WSSR)/WSSR   : 0
 delta(WSSR) : 0                 limit for stopping : 1e-05
 lambda	  : 13.1516

initial set of free parameter values

a               = 1
c               = 1

After 5 iterations the fit converged.
final sum of squares of residuals : 4.69911
rel. change during last iteration : -1.81391e-08

degrees of freedom    (FIT_NDF)                        : 8
rms of residuals      (FIT_STDFIT) = sqrt(WSSR/ndf)    : 0.766413
variance of residuals (reduced chisquare) = WSSR/ndf   : 0.587388

Final set of parameters            Asymptotic Standard Error
=======================            ==========================

a               = 4.94493          +/- 0.06412      (1.297%)
c               = 34.7832          +/- 1.191        (3.424%)


correlation matrix of the fit parameters:

               a      c      
a               1.000 
c              -0.979  1.000 


*******************************************************************************
Thu Sep  4 15:56:43 2014


FIT:    data read from 'Messwerte.txt' u (sqrt(160)/$1):3
        format = x:z
        #datapoints = 10
        residuals are weighted equally (unit weight)

function used for fitting: g(x)
fitted parameters initialized with current variable values



 Iteration 0
 WSSR        : 113565            delta(WSSR)/WSSR   : 0
 delta(WSSR) : 0                 limit for stopping : 1e-05
 lambda	  : 13.1516

initial set of free parameter values

a               = 1
c               = 1

After 5 iterations the fit converged.
final sum of squares of residuals : 4.69911
rel. change during last iteration : -1.81391e-08

degrees of freedom    (FIT_NDF)                        : 8
rms of residuals      (FIT_STDFIT) = sqrt(WSSR/ndf)    : 0.766413
variance of residuals (reduced chisquare) = WSSR/ndf   : 0.587388

Final set of parameters            Asymptotic Standard Error
=======================            ==========================

a               = 4.94493          +/- 0.06412      (1.297%)
c               = 34.7832          +/- 1.191        (3.424%)


correlation matrix of the fit parameters:

               a      c      
a               1.000 
c              -0.979  1.000 


*******************************************************************************
Thu Sep  4 19:06:27 2014


FIT:    data read from 'Messwerte.txt' u (sqrt(160)/$1):3
        format = x:z
        #datapoints = 10
        residuals are weighted equally (unit weight)

function used for fitting: g(x)
fitted parameters initialized with current variable values



 Iteration 0
 WSSR        : 113565            delta(WSSR)/WSSR   : 0
 delta(WSSR) : 0                 limit for stopping : 1e-05
 lambda	  : 13.1516

initial set of free parameter values

a               = 1
c               = 1

After 5 iterations the fit converged.
final sum of squares of residuals : 4.69911
rel. change during last iteration : -1.81391e-08

degrees of freedom    (FIT_NDF)                        : 8
rms of residuals      (FIT_STDFIT) = sqrt(WSSR/ndf)    : 0.766413
variance of residuals (reduced chisquare) = WSSR/ndf   : 0.587388

Final set of parameters            Asymptotic Standard Error
=======================            ==========================

a               = 4.94493          +/- 0.06412      (1.297%)
c               = 34.7832          +/- 1.191        (3.424%)


correlation matrix of the fit parameters:

               a      c      
a               1.000 
c              -0.979  1.000 


*******************************************************************************
Thu Sep  4 19:07:28 2014


FIT:    data read from 'Messwerte.txt' u (sqrt(160)/$1):3
        format = x:z
        #datapoints = 10
        residuals are weighted equally (unit weight)

function used for fitting: g(x)
fitted parameters initialized with current variable values



 Iteration 0
 WSSR        : 113565            delta(WSSR)/WSSR   : 0
 delta(WSSR) : 0                 limit for stopping : 1e-05
 lambda	  : 13.1516

initial set of free parameter values

a               = 1
c               = 1

After 5 iterations the fit converged.
final sum of squares of residuals : 4.69911
rel. change during last iteration : -1.81391e-08

degrees of freedom    (FIT_NDF)                        : 8
rms of residuals      (FIT_STDFIT) = sqrt(WSSR/ndf)    : 0.766413
variance of residuals (reduced chisquare) = WSSR/ndf   : 0.587388

Final set of parameters            Asymptotic Standard Error
=======================            ==========================

a               = 4.94493          +/- 0.06412      (1.297%)
c               = 34.7832          +/- 1.191        (3.424%)


correlation matrix of the fit parameters:

               a      c      
a               1.000 
c              -0.979  1.000 


*******************************************************************************
Thu Sep  4 19:18:52 2014


FIT:    data read from 'Messwerte.txt' u (sqrt(160)/$1):3
        format = x:z
        #datapoints = 10
        residuals are weighted equally (unit weight)

function used for fitting: g(x)
fitted parameters initialized with current variable values



 Iteration 0
 WSSR        : 113565            delta(WSSR)/WSSR   : 0
 delta(WSSR) : 0                 limit for stopping : 1e-05
 lambda	  : 13.1516

initial set of free parameter values

a               = 1
c               = 1

After 5 iterations the fit converged.
final sum of squares of residuals : 4.69911
rel. change during last iteration : -1.81391e-08

degrees of freedom    (FIT_NDF)                        : 8
rms of residuals      (FIT_STDFIT) = sqrt(WSSR/ndf)    : 0.766413
variance of residuals (reduced chisquare) = WSSR/ndf   : 0.587388

Final set of parameters            Asymptotic Standard Error
=======================            ==========================

a               = 4.94493          +/- 0.06412      (1.297%)
c               = 34.7832          +/- 1.191        (3.424%)


correlation matrix of the fit parameters:

               a      c      
a               1.000 
c              -0.979  1.000 


*******************************************************************************
Thu Sep  4 19:21:05 2014


FIT:    data read from 'Messwerte.txt' u (sqrt(160)/$1):(($3-38)/1000)
        format = x:z
        #datapoints = 10
        residuals are weighted equally (unit weight)

function used for fitting: g(x)
fitted parameters initialized with current variable values



 Iteration 0
 WSSR        : 3788.39           delta(WSSR)/WSSR   : 0
 delta(WSSR) : 0                 limit for stopping : 1e-05
 lambda	  : 13.1516

initial set of free parameter values

a               = 1
c               = 1

After 6 iterations the fit converged.
final sum of squares of residuals : 4.69911e-06
rel. change during last iteration : -3.96559e-15

degrees of freedom    (FIT_NDF)                        : 8
rms of residuals      (FIT_STDFIT) = sqrt(WSSR/ndf)    : 0.000766413
variance of residuals (reduced chisquare) = WSSR/ndf   : 5.87388e-07

Final set of parameters            Asymptotic Standard Error
=======================            ==========================

a               = 0.00494493       +/- 6.412e-05    (1.297%)
c               = -0.00321677      +/- 0.001191     (37.02%)


correlation matrix of the fit parameters:

               a      c      
a               1.000 
c              -0.979  1.000 


*******************************************************************************
Thu Sep  4 19:50:14 2014


FIT:    data read from 'Messwerte.txt' u (sqrt(160)/$1):(($3-38)/1000)
        format = x:z
        #datapoints = 10
        residuals are weighted equally (unit weight)

function used for fitting: g(x)
fitted parameters initialized with current variable values



 Iteration 0
 WSSR        : 3788.39           delta(WSSR)/WSSR   : 0
 delta(WSSR) : 0                 limit for stopping : 1e-05
 lambda	  : 13.1516

initial set of free parameter values

a               = 1
c               = 1

After 6 iterations the fit converged.
final sum of squares of residuals : 4.69911e-06
rel. change during last iteration : -3.96559e-15

degrees of freedom    (FIT_NDF)                        : 8
rms of residuals      (FIT_STDFIT) = sqrt(WSSR/ndf)    : 0.000766413
variance of residuals (reduced chisquare) = WSSR/ndf   : 5.87388e-07

Final set of parameters            Asymptotic Standard Error
=======================            ==========================

a               = 0.00494493       +/- 6.412e-05    (1.297%)
c               = -0.00321677      +/- 0.001191     (37.02%)


correlation matrix of the fit parameters:

               a      c      
a               1.000 
c              -0.979  1.000 


*******************************************************************************
Thu Sep  4 19:52:04 2014


FIT:    data read from 'Messwerte.txt' u (sqrt(160)/$1):(($3-38)/1000)
        format = x:z
        #datapoints = 10
        residuals are weighted equally (unit weight)

function used for fitting: g(x)
fitted parameters initialized with current variable values



 Iteration 0
 WSSR        : 3788.39           delta(WSSR)/WSSR   : 0
 delta(WSSR) : 0                 limit for stopping : 1e-05
 lambda	  : 13.1516

initial set of free parameter values

a               = 1
c               = 1

After 6 iterations the fit converged.
final sum of squares of residuals : 4.69911e-06
rel. change during last iteration : -3.96559e-15

degrees of freedom    (FIT_NDF)                        : 8
rms of residuals      (FIT_STDFIT) = sqrt(WSSR/ndf)    : 0.000766413
variance of residuals (reduced chisquare) = WSSR/ndf   : 5.87388e-07

Final set of parameters            Asymptotic Standard Error
=======================            ==========================

a               = 0.00494493       +/- 6.412e-05    (1.297%)
c               = -0.00321677      +/- 0.001191     (37.02%)


correlation matrix of the fit parameters:

               a      c      
a               1.000 
c              -0.979  1.000 


*******************************************************************************
Thu Sep  4 19:52:58 2014


FIT:    data read from 'Messwerte.txt' u (sqrt(160)/$1):(($3-38)/1000)
        format = x:z
        #datapoints = 10
        residuals are weighted equally (unit weight)

function used for fitting: g(x)
fitted parameters initialized with current variable values



 Iteration 0
 WSSR        : 3788.39           delta(WSSR)/WSSR   : 0
 delta(WSSR) : 0                 limit for stopping : 1e-05
 lambda	  : 13.1516

initial set of free parameter values

a               = 1
c               = 1

After 6 iterations the fit converged.
final sum of squares of residuals : 4.69911e-06
rel. change during last iteration : -3.96559e-15

degrees of freedom    (FIT_NDF)                        : 8
rms of residuals      (FIT_STDFIT) = sqrt(WSSR/ndf)    : 0.000766413
variance of residuals (reduced chisquare) = WSSR/ndf   : 5.87388e-07

Final set of parameters            Asymptotic Standard Error
=======================            ==========================

a               = 0.00494493       +/- 6.412e-05    (1.297%)
c               = -0.00321677      +/- 0.001191     (37.02%)


correlation matrix of the fit parameters:

               a      c      
a               1.000 
c              -0.979  1.000 


*******************************************************************************
Thu Sep  4 19:53:21 2014


FIT:    data read from 'Messwerte.txt' u (sqrt(160)/$1):(($3-38)/1000)
        format = x:z
        #datapoints = 10
        residuals are weighted equally (unit weight)

function used for fitting: g(x)
fitted parameters initialized with current variable values



 Iteration 0
 WSSR        : 3788.39           delta(WSSR)/WSSR   : 0
 delta(WSSR) : 0                 limit for stopping : 1e-05
 lambda	  : 13.1516

initial set of free parameter values

a               = 1
c               = 1

After 6 iterations the fit converged.
final sum of squares of residuals : 4.69911e-06
rel. change during last iteration : -3.96559e-15

degrees of freedom    (FIT_NDF)                        : 8
rms of residuals      (FIT_STDFIT) = sqrt(WSSR/ndf)    : 0.000766413
variance of residuals (reduced chisquare) = WSSR/ndf   : 5.87388e-07

Final set of parameters            Asymptotic Standard Error
=======================            ==========================

a               = 0.00494493       +/- 6.412e-05    (1.297%)
c               = -0.00321677      +/- 0.001191     (37.02%)


correlation matrix of the fit parameters:

               a      c      
a               1.000 
c              -0.979  1.000 


*******************************************************************************
Thu Sep  4 19:54:38 2014


FIT:    data read from 'Messwerte.txt' u (sqrt(160)/$1):(($3-38)/1000)
        format = x:z
        #datapoints = 10
        residuals are weighted equally (unit weight)

function used for fitting: g(x)
fitted parameters initialized with current variable values



 Iteration 0
 WSSR        : 3788.39           delta(WSSR)/WSSR   : 0
 delta(WSSR) : 0                 limit for stopping : 1e-05
 lambda	  : 13.1516

initial set of free parameter values

a               = 1
c               = 1

After 6 iterations the fit converged.
final sum of squares of residuals : 4.69911e-06
rel. change during last iteration : -3.96559e-15

degrees of freedom    (FIT_NDF)                        : 8
rms of residuals      (FIT_STDFIT) = sqrt(WSSR/ndf)    : 0.000766413
variance of residuals (reduced chisquare) = WSSR/ndf   : 5.87388e-07

Final set of parameters            Asymptotic Standard Error
=======================            ==========================

a               = 0.00494493       +/- 6.412e-05    (1.297%)
c               = -0.00321677      +/- 0.001191     (37.02%)


correlation matrix of the fit parameters:

               a      c      
a               1.000 
c              -0.979  1.000 


*******************************************************************************
Thu Sep  4 19:57:14 2014


FIT:    data read from 'Messwerte.txt' u (sqrt(160)/$1):(($3-38)/1000)
        format = x:z
        #datapoints = 10
        residuals are weighted equally (unit weight)

function used for fitting: g(x)
fitted parameters initialized with current variable values



 Iteration 0
 WSSR        : 3788.39           delta(WSSR)/WSSR   : 0
 delta(WSSR) : 0                 limit for stopping : 1e-05
 lambda	  : 13.1516

initial set of free parameter values

a               = 1
c               = 1

After 6 iterations the fit converged.
final sum of squares of residuals : 4.69911e-06
rel. change during last iteration : -3.96559e-15

degrees of freedom    (FIT_NDF)                        : 8
rms of residuals      (FIT_STDFIT) = sqrt(WSSR/ndf)    : 0.000766413
variance of residuals (reduced chisquare) = WSSR/ndf   : 5.87388e-07

Final set of parameters            Asymptotic Standard Error
=======================            ==========================

a               = 0.00494493       +/- 6.412e-05    (1.297%)
c               = -0.00321677      +/- 0.001191     (37.02%)


correlation matrix of the fit parameters:

               a      c      
a               1.000 
c              -0.979  1.000 


*******************************************************************************
Thu Sep  4 19:59:28 2014


FIT:    data read from 'Messwerte.txt' u (sqrt(160)/$1):(($3-38)/1000)
        format = x:z
        #datapoints = 10
        residuals are weighted equally (unit weight)

function used for fitting: g(x)
fitted parameters initialized with current variable values



 Iteration 0
 WSSR        : 3788.39           delta(WSSR)/WSSR   : 0
 delta(WSSR) : 0                 limit for stopping : 1e-05
 lambda	  : 13.1516

initial set of free parameter values

a               = 1
c               = 1

After 6 iterations the fit converged.
final sum of squares of residuals : 4.69911e-06
rel. change during last iteration : -3.96559e-15

degrees of freedom    (FIT_NDF)                        : 8
rms of residuals      (FIT_STDFIT) = sqrt(WSSR/ndf)    : 0.000766413
variance of residuals (reduced chisquare) = WSSR/ndf   : 5.87388e-07

Final set of parameters            Asymptotic Standard Error
=======================            ==========================

a               = 0.00494493       +/- 6.412e-05    (1.297%)
c               = -0.00321677      +/- 0.001191     (37.02%)


correlation matrix of the fit parameters:

               a      c      
a               1.000 
c              -0.979  1.000 


*******************************************************************************
Wed Sep 10 14:36:28 2014


FIT:    data read from 'Messwerte.txt' u (sqrt(160)/$1):(($3-38)/1000)
        format = x:z
        #datapoints = 10
        residuals are weighted equally (unit weight)

function used for fitting: g(x)
fitted parameters initialized with current variable values



 Iteration 0
 WSSR        : 3788.39           delta(WSSR)/WSSR   : 0
 delta(WSSR) : 0                 limit for stopping : 1e-05
 lambda	  : 13.1516

initial set of free parameter values

a               = 1
c               = 1

After 6 iterations the fit converged.
final sum of squares of residuals : 4.69911e-06
rel. change during last iteration : -3.96559e-15

degrees of freedom    (FIT_NDF)                        : 8
rms of residuals      (FIT_STDFIT) = sqrt(WSSR/ndf)    : 0.000766413
variance of residuals (reduced chisquare) = WSSR/ndf   : 5.87388e-07

Final set of parameters            Asymptotic Standard Error
=======================            ==========================

a               = 0.00494493       +/- 6.412e-05    (1.297%)
c               = -0.00321677      +/- 0.001191     (37.02%)


correlation matrix of the fit parameters:

               a      c      
a               1.000 
c              -0.979  1.000 


*******************************************************************************
Wed Sep 10 14:37:12 2014


FIT:    data read from 'Messwerte.txt' u (sqrt(160)/$1):(($3-38)/1000)
        format = x:z
        #datapoints = 10
        residuals are weighted equally (unit weight)

function used for fitting: g(x)
fitted parameters initialized with current variable values



 Iteration 0
 WSSR        : 3788.39           delta(WSSR)/WSSR   : 0
 delta(WSSR) : 0                 limit for stopping : 1e-05
 lambda	  : 13.1516

initial set of free parameter values

a               = 1
c               = 1

After 6 iterations the fit converged.
final sum of squares of residuals : 4.69911e-06
rel. change during last iteration : -3.96559e-15

degrees of freedom    (FIT_NDF)                        : 8
rms of residuals      (FIT_STDFIT) = sqrt(WSSR/ndf)    : 0.000766413
variance of residuals (reduced chisquare) = WSSR/ndf   : 5.87388e-07

Final set of parameters            Asymptotic Standard Error
=======================            ==========================

a               = 0.00494493       +/- 6.412e-05    (1.297%)
c               = -0.00321677      +/- 0.001191     (37.02%)


correlation matrix of the fit parameters:

               a      c      
a               1.000 
c              -0.979  1.000 


*******************************************************************************
Wed Sep 10 14:38:39 2014


FIT:    data read from 'Messwerte.txt' u (sqrt(160)/$1):(($3-38)/1000)
        format = x:z
        #datapoints = 10
        residuals are weighted equally (unit weight)

function used for fitting: g(x)
fitted parameters initialized with current variable values



 Iteration 0
 WSSR        : 3788.39           delta(WSSR)/WSSR   : 0
 delta(WSSR) : 0                 limit for stopping : 1e-05
 lambda	  : 13.1516

initial set of free parameter values

a               = 1
c               = 1

After 6 iterations the fit converged.
final sum of squares of residuals : 4.69911e-06
rel. change during last iteration : -3.96559e-15

degrees of freedom    (FIT_NDF)                        : 8
rms of residuals      (FIT_STDFIT) = sqrt(WSSR/ndf)    : 0.000766413
variance of residuals (reduced chisquare) = WSSR/ndf   : 5.87388e-07

Final set of parameters            Asymptotic Standard Error
=======================            ==========================

a               = 0.00494493       +/- 6.412e-05    (1.297%)
c               = -0.00321677      +/- 0.001191     (37.02%)


correlation matrix of the fit parameters:

               a      c      
a               1.000 
c              -0.979  1.000 


*******************************************************************************
Wed Sep 10 14:40:05 2014


FIT:    data read from 'Messwerte.txt' u (sqrt(160)/$1):(($3-38)/1000)
        format = x:z
        #datapoints = 10
        residuals are weighted equally (unit weight)

function used for fitting: g(x)
fitted parameters initialized with current variable values



 Iteration 0
 WSSR        : 3788.39           delta(WSSR)/WSSR   : 0
 delta(WSSR) : 0                 limit for stopping : 1e-05
 lambda	  : 13.1516

initial set of free parameter values

a               = 1
c               = 1

After 6 iterations the fit converged.
final sum of squares of residuals : 4.69911e-06
rel. change during last iteration : -3.96559e-15

degrees of freedom    (FIT_NDF)                        : 8
rms of residuals      (FIT_STDFIT) = sqrt(WSSR/ndf)    : 0.000766413
variance of residuals (reduced chisquare) = WSSR/ndf   : 5.87388e-07

Final set of parameters            Asymptotic Standard Error
=======================            ==========================

a               = 0.00494493       +/- 6.412e-05    (1.297%)
c               = -0.00321677      +/- 0.001191     (37.02%)


correlation matrix of the fit parameters:

               a      c      
a               1.000 
c              -0.979  1.000 


*******************************************************************************
Wed Sep 10 14:40:29 2014


FIT:    data read from 'Messwerte.txt' u (sqrt(160)/$1):(($3-38)/1000)
        format = x:z
        #datapoints = 10
        residuals are weighted equally (unit weight)

function used for fitting: g(x)
fitted parameters initialized with current variable values



 Iteration 0
 WSSR        : 3788.39           delta(WSSR)/WSSR   : 0
 delta(WSSR) : 0                 limit for stopping : 1e-05
 lambda	  : 13.1516

initial set of free parameter values

a               = 1
c               = 1

After 6 iterations the fit converged.
final sum of squares of residuals : 4.69911e-06
rel. change during last iteration : -3.96559e-15

degrees of freedom    (FIT_NDF)                        : 8
rms of residuals      (FIT_STDFIT) = sqrt(WSSR/ndf)    : 0.000766413
variance of residuals (reduced chisquare) = WSSR/ndf   : 5.87388e-07

Final set of parameters            Asymptotic Standard Error
=======================            ==========================

a               = 0.00494493       +/- 6.412e-05    (1.297%)
c               = -0.00321677      +/- 0.001191     (37.02%)


correlation matrix of the fit parameters:

               a      c      
a               1.000 
c              -0.979  1.000 


*******************************************************************************
Wed Sep 10 14:44:08 2014


FIT:    data read from 'Messwerte.txt' u (sqrt(160)/$1):(($3-38)/1000)
        format = x:z
        #datapoints = 10
        residuals are weighted equally (unit weight)

function used for fitting: g(x)
fitted parameters initialized with current variable values



 Iteration 0
 WSSR        : 3788.39           delta(WSSR)/WSSR   : 0
 delta(WSSR) : 0                 limit for stopping : 1e-05
 lambda	  : 13.1516

initial set of free parameter values

a               = 1
c               = 1

After 6 iterations the fit converged.
final sum of squares of residuals : 4.69911e-06
rel. change during last iteration : -3.96559e-15

degrees of freedom    (FIT_NDF)                        : 8
rms of residuals      (FIT_STDFIT) = sqrt(WSSR/ndf)    : 0.000766413
variance of residuals (reduced chisquare) = WSSR/ndf   : 5.87388e-07

Final set of parameters            Asymptotic Standard Error
=======================            ==========================

a               = 0.00494493       +/- 6.412e-05    (1.297%)
c               = -0.00321677      +/- 0.001191     (37.02%)


correlation matrix of the fit parameters:

               a      c      
a               1.000 
c              -0.979  1.000 


*******************************************************************************
Wed Sep 10 14:45:12 2014


FIT:    data read from 'Messwerte.txt' u (sqrt(160)/$1):(($3-38)/1000)
        format = x:z
        #datapoints = 10
        residuals are weighted equally (unit weight)

function used for fitting: g(x)
fitted parameters initialized with current variable values



 Iteration 0
 WSSR        : 3788.39           delta(WSSR)/WSSR   : 0
 delta(WSSR) : 0                 limit for stopping : 1e-05
 lambda	  : 13.1516

initial set of free parameter values

a               = 1
c               = 1

After 6 iterations the fit converged.
final sum of squares of residuals : 4.69911e-06
rel. change during last iteration : -3.96559e-15

degrees of freedom    (FIT_NDF)                        : 8
rms of residuals      (FIT_STDFIT) = sqrt(WSSR/ndf)    : 0.000766413
variance of residuals (reduced chisquare) = WSSR/ndf   : 5.87388e-07

Final set of parameters            Asymptotic Standard Error
=======================            ==========================

a               = 0.00494493       +/- 6.412e-05    (1.297%)
c               = -0.00321677      +/- 0.001191     (37.02%)


correlation matrix of the fit parameters:

               a      c      
a               1.000 
c              -0.979  1.000 
